#
# There is insufficient memory for the Java Runtime Environment to continue.
# Native memory allocation (mmap) failed to map 266338304 bytes for Failed to commit area from 0x0000000703600000 to 0x0000000713400000 of length 266338304.
# Possible reasons:
#   The system is out of physical RAM or swap space
#   The process is running with CompressedOops enabled, and the Java Heap may be blocking the growth of the native heap
# Possible solutions:
#   Reduce memory load on the system
#   Increase physical memory or swap space
#   Check if swap backing store is full
#   Decrease Java heap size (-Xmx/-Xms)
#   Decrease number of Java threads
#   Decrease Java thread stack sizes (-Xss)
#   Set larger code cache with -XX:ReservedCodeCacheSize=
# This output file may be truncated or incomplete.
#
#  Out of Memory Error (t:/workspace/open/src/hotspot/os/windows/os_windows.cpp:3301), pid=16908, tid=4832
#
# JRE version:  (13.0+33) (build )
# Java VM: OpenJDK 64-Bit Server VM (13+33, mixed mode, aot, sharing, tiered, compressed oops, g1 gc, windows-amd64)
# No core dump will be written. Minidumps are not enabled by default on client versions of Windows
#

---------------  S U M M A R Y ------------

Command Line: -javaagent:D:\Users\lpriya\AppData\Local\JetBrains\IntelliJ IDEA Community Edition 2019.3.3\lib\idea_rt.jar=60242:D:\Users\lpriya\AppData\Local\JetBrains\IntelliJ IDEA Community Edition 2019.3.3\bin -Dfile.encoding=UTF-8 com.sample.test.demo.SpringbootApplication

Host: Intel(R) Core(TM) i5-8265U CPU @ 1.60GHz, 8 cores, 15G,  Windows 10 , 64 bit Build 18362 (10.0.18362.1110)
Time: Tue Feb 23 20:33:43 2021 India Standard Time elapsed time: 0 seconds (0d 0h 0m 0s)

---------------  T H R E A D  ---------------

Current thread (0x000002366d1fa000):  JavaThread "Unknown thread" [_thread_in_vm, id=4832, stack(0x0000007297200000,0x0000007297300000)]

Stack: [0x0000007297200000,0x0000007297300000]
Native frames: (J=compiled Java code, j=interpreted, Vv=VM code, C=native code)
V  [jvm.dll+0x626eaa]
V  [jvm.dll+0x772c4a]
V  [jvm.dll+0x7743ff]
V  [jvm.dll+0x774a03]
V  [jvm.dll+0x24da38]
V  [jvm.dll+0x62436a]
V  [jvm.dll+0x618f55]
V  [jvm.dll+0x30c5fc]
V  [jvm.dll+0x30c432]
V  [jvm.dll+0x311ba6]
V  [jvm.dll+0x355cc6]
V  [jvm.dll+0x3554a0]
V  [jvm.dll+0x2e727a]
V  [jvm.dll+0x2e8512]
V  [jvm.dll+0x74fcb8]
V  [jvm.dll+0x363719]
V  [jvm.dll+0x732da5]
V  [jvm.dll+0x3ce2cf]
V  [jvm.dll+0x3d05f1]
C  [jli.dll+0x51ff]
C  [ucrtbase.dll+0x210b2]
C  [KERNEL32.DLL+0x17c24]
C  [ntdll.dll+0x6d4d1]


---------------  P R O C E S S  ---------------

Threads class SMR info:
_java_thread_list=0x00007fff882c46b8, length=0, elements={
}

Java Threads: ( => current thread )

Other Threads:
  0x000002366d25a000 GCTaskThread "GC Thread#0" [stack: 0x0000007297300000,0x0000007297400000] [id=11216]
  0x000002366d27c800 ConcurrentGCThread "G1 Main Marker" [stack: 0x0000007297400000,0x0000007297500000] [id=9232]
  0x000002366d283000 ConcurrentGCThread "G1 Conc#0" [stack: 0x0000007297500000,0x0000007297600000] [id=16780]

[error occurred during error reporting (printing all threads), id 0xc0000005, EXCEPTION_ACCESS_VIOLATION (0xc0000005) at pc=0x00007fff87af6f47]

VM state:not at safepoint (not fully initialized)

VM Mutex/Monitor currently owned by a thread:  ([mutex/lock_event])
[0x000002366d1f4900] Heap_lock - owner thread: 0x000002366d1fa000

Heap address: 0x0000000703600000, size: 4042 MB, Compressed Oops mode: Non-zero based: 0x0000000703600000
Narrow klass base: 0x0000000000000000, Narrow klass shift: 0

GC Heap History (0 events):
No events

Deoptimization events (0 events):
No events

Classes unloaded (0 events):
No events

Classes redefined (0 events):
No events

Internal exceptions (0 events):
No events

Events (8 events):
Event: 0.040 Loaded shared library C:\Program Files\Java\jdk-13\bin\zip.dll
Event: 0.045 Loaded shared library C:\Program Files\Java\jdk-13\bin\jimage.dll
Event: 0.049 Loading shared library C:\Program Files\Java\jdk-13\lib\libjava.base-coop.dll failed, error code 126
Event: 0.050 Loading shared library C:\Program Files\Java\jdk-13\lib\libjava.logging-coop.dll failed, error code 126
Event: 0.050 Loading shared library C:\Program Files\Java\jdk-13\lib\libjdk.compiler-coop.dll failed, error code 126
Event: 0.050 Loading shared library C:\Program Files\Java\jdk-13\lib\libjdk.scripting.nashorn-coop.dll failed, error code 126
Event: 0.050 Loading shared library C:\Program Files\Java\jdk-13\lib\libjdk.internal.vm.ci-coop.dll failed, error code 126
Event: 0.051 Loading shared library C:\Program Files\Java\jdk-13\lib\libjdk.internal.vm.compiler-coop.dll failed, error code 126


Dynamic libraries:
0x00007ff66b2f0000 - 0x00007ff66b2fd000 	C:\Program Files\Java\jdk-13\bin\java.exe
0x00007fffd25a0000 - 0x00007fffd2790000 	C:\Windows\SYSTEM32\ntdll.dll
0x00007fffd1210000 - 0x00007fffd12c2000 	C:\Windows\System32\KERNEL32.DLL
0x00007fffcf9c0000 - 0x00007fffcfc65000 	C:\Windows\System32\KERNELBASE.dll
0x00007fffcf720000 - 0x00007fffcf81a000 	C:\Windows\System32\ucrtbase.dll
0x00007fffbe570000 - 0x00007fffbe588000 	C:\Program Files\Java\jdk-13\bin\jli.dll
0x00007fffd1510000 - 0x00007fffd16a4000 	C:\Windows\System32\USER32.dll
0x00007fffcf510000 - 0x00007fffcf531000 	C:\Windows\System32\win32u.dll
0x00007fffd14e0000 - 0x00007fffd1506000 	C:\Windows\System32\GDI32.dll
0x00007fffcfd20000 - 0x00007fffcfeb6000 	C:\Windows\System32\gdi32full.dll
0x00007fffcf820000 - 0x00007fffcf8be000 	C:\Windows\System32\msvcp_win.dll
0x00007fffbe550000 - 0x00007fffbe565000 	C:\Program Files\Java\jdk-13\bin\VCRUNTIME140.dll
0x00007fffa8db0000 - 0x00007fffa9034000 	C:\Windows\WinSxS\amd64_microsoft.windows.common-controls_6595b64144ccf1df_6.0.18362.1256_none_9e7e379be45e40e2\COMCTL32.dll
0x00007fffd0ec0000 - 0x00007fffd0f5e000 	C:\Windows\System32\msvcrt.dll
0x00007fffd1da0000 - 0x00007fffd20d6000 	C:\Windows\System32\combase.dll
0x00007fffd0d40000 - 0x00007fffd0e60000 	C:\Windows\System32\RPCRT4.dll
0x00007fffcfc90000 - 0x00007fffcfd11000 	C:\Windows\System32\bcryptPrimitives.dll
0x00007fffd1b90000 - 0x00007fffd1bbe000 	C:\Windows\System32\IMM32.DLL
0x00007fff97220000 - 0x00007fff97925000 	C:\Program Files\McAfee\DLP\Agent\fcagpph64.dll
0x00007fffd12d0000 - 0x00007fffd1373000 	C:\Windows\System32\ADVAPI32.dll
0x00007fffd1bc0000 - 0x00007fffd1c57000 	C:\Windows\System32\sechost.dll
0x00007fffd0650000 - 0x00007fffd0d37000 	C:\Windows\System32\SHELL32.dll
0x00007fffcf970000 - 0x00007fffcf9ba000 	C:\Windows\System32\cfgmgr32.dll
0x00007fffd0f60000 - 0x00007fffd1009000 	C:\Windows\System32\shcore.dll
0x00007fffcfec0000 - 0x00007fffd0641000 	C:\Windows\System32\windows.storage.dll
0x00007fffcf470000 - 0x00007fffcf493000 	C:\Windows\System32\profapi.dll
0x00007fffcf4c0000 - 0x00007fffcf50a000 	C:\Windows\System32\powrprof.dll
0x00007fffcf440000 - 0x00007fffcf450000 	C:\Windows\System32\UMPDC.dll
0x00007fffd0e60000 - 0x00007fffd0eb2000 	C:\Windows\System32\shlwapi.dll
0x00007fffcf450000 - 0x00007fffcf461000 	C:\Windows\System32\kernel.appcore.dll
0x00007fffcfc70000 - 0x00007fffcfc87000 	C:\Windows\System32\cryptsp.dll
0x00007fffd1710000 - 0x00007fffd1867000 	C:\Windows\System32\ole32.dll
0x00007fffd1a20000 - 0x00007fffd1ae5000 	C:\Windows\System32\OLEAUT32.dll
0x00007fffb7b00000 - 0x00007fffb7b89000 	C:\Windows\SYSTEM32\WINSPOOL.DRV
0x00007fffcf5a0000 - 0x00007fffcf5c6000 	C:\Windows\System32\bcrypt.dll
0x00007fffc69b0000 - 0x00007fffc69ba000 	C:\Windows\SYSTEM32\VERSION.dll
0x00007fffc7e80000 - 0x00007fffc7f70000 	C:\Windows\SYSTEM32\PROPSYS.dll
0x00007fffce940000 - 0x00007fffce97a000 	C:\Windows\SYSTEM32\IPHLPAPI.DLL
0x00007fffcf320000 - 0x00007fffcf357000 	C:\Windows\SYSTEM32\SspiCli.dll
0x00007fffce150000 - 0x00007fffce181000 	C:\Windows\SYSTEM32\ntmarta.dll
0x00007fff96040000 - 0x00007fff9671c000 	C:\Program Files\McAfee\DLP\Agent\fcagcbh64.dll
0x00007fffa6210000 - 0x00007fffa62b4000 	C:\Program Files\McAfee\Endpoint Security\Threat Prevention\Ips\EpMPApi.dll
0x00007fffcf540000 - 0x00007fffcf59c000 	C:\Windows\System32\WINTRUST.dll
0x00007fffcf4a0000 - 0x00007fffcf4b2000 	C:\Windows\System32\MSASN1.dll
0x00007fffcf5d0000 - 0x00007fffcf719000 	C:\Windows\System32\CRYPT32.dll
0x0000000073800000 - 0x000000007380c000 	C:\Program Files\McAfee\Endpoint Security\Threat Prevention\Ips\EpMPThe.dll
0x00007fffa1630000 - 0x00007fffa164b000 	C:\Program Files\McAfee\Endpoint Security\Threat Prevention\Ips\HIPHandlers64.dll
0x00007fffbe470000 - 0x00007fffbe50b000 	C:\Program Files\Java\jdk-13\bin\msvcp140.dll
0x00007fff87800000 - 0x00007fff88366000 	C:\Program Files\Java\jdk-13\bin\server\jvm.dll
0x00007fffd13e0000 - 0x00007fffd13e8000 	C:\Windows\System32\PSAPI.DLL
0x00007fffb50a0000 - 0x00007fffb50a9000 	C:\Windows\SYSTEM32\WSOCK32.dll
0x00007fffd13f0000 - 0x00007fffd145f000 	C:\Windows\System32\WS2_32.dll
0x00007fffc88a0000 - 0x00007fffc88c4000 	C:\Windows\SYSTEM32\WINMM.dll
0x00007fffc8860000 - 0x00007fffc888d000 	C:\Windows\SYSTEM32\WINMMBASE.dll
0x00007fffbe460000 - 0x00007fffbe470000 	C:\Program Files\Java\jdk-13\bin\verify.dll
0x00007fffcdc90000 - 0x00007fffcde84000 	C:\Windows\SYSTEM32\DBGHELP.DLL
0x00007fffa3b00000 - 0x00007fffa3b2a000 	C:\Windows\SYSTEM32\dbgcore.DLL
0x00007fffbe430000 - 0x00007fffbe456000 	C:\Program Files\Java\jdk-13\bin\java.dll
0x00007fffbe380000 - 0x00007fffbe38e000 	C:\Program Files\Java\jdk-13\bin\instrument.dll
0x00007fffbe390000 - 0x00007fffbe3a7000 	C:\Program Files\Java\jdk-13\bin\zip.dll
0x00007fffbe3f0000 - 0x00007fffbe3fa000 	C:\Program Files\Java\jdk-13\bin\jimage.dll

dbghelp: loaded successfully - version: 4.0.5 - missing functions: none
symbol engine: initialized successfully - sym options: 0x614 - pdb path: .;C:\Program Files\Java\jdk-13\bin;C:\Windows\SYSTEM32;C:\Windows\WinSxS\amd64_microsoft.windows.common-controls_6595b64144ccf1df_6.0.18362.1256_none_9e7e379be45e40e2;C:\Program Files\McAfee\DLP\Agent;C:\Program Files\McAfee\Endpoint Security\Threat Prevention\Ips;C:\Program Files\Java\jdk-13\bin\server

VM Arguments:
jvm_args: -javaagent:D:\Users\lpriya\AppData\Local\JetBrains\IntelliJ IDEA Community Edition 2019.3.3\lib\idea_rt.jar=60242:D:\Users\lpriya\AppData\Local\JetBrains\IntelliJ IDEA Community Edition 2019.3.3\bin -Dfile.encoding=UTF-8 
java_command: com.sample.test.demo.SpringbootApplication
java_class_path (initial): D:\lakshmipriya\SampleTestProject\target\classes;D:\Users\lpriya\.m2\repository\org\springframework\boot\spring-boot-starter-actuator\2.3.1.RELEASE\spring-boot-starter-actuator-2.3.1.RELEASE.jar;D:\Users\lpriya\.m2\repository\org\springframework\boot\spring-boot-starter\2.3.1.RELEASE\spring-boot-starter-2.3.1.RELEASE.jar;D:\Users\lpriya\.m2\repository\org\springframework\boot\spring-boot\2.3.1.RELEASE\spring-boot-2.3.1.RELEASE.jar;D:\Users\lpriya\.m2\repository\org\springframework\boot\spring-boot-autoconfigure\2.3.1.RELEASE\spring-boot-autoconfigure-2.3.1.RELEASE.jar;D:\Users\lpriya\.m2\repository\org\springframework\boot\spring-boot-starter-logging\2.3.1.RELEASE\spring-boot-starter-logging-2.3.1.RELEASE.jar;D:\Users\lpriya\.m2\repository\ch\qos\logback\logback-classic\1.2.3\logback-classic-1.2.3.jar;D:\Users\lpriya\.m2\repository\ch\qos\logback\logback-core\1.2.3\logback-core-1.2.3.jar;D:\Users\lpriya\.m2\repository\org\apache\logging\log4j\log4j-to-slf4j\2.13.3\log4j-to-slf4j-2.13.3.jar;D:\Users\lpriya\.m2\repository\org\apache\logging\log4j\log4j-api\2.13.3\log4j-api-2.13.3.jar;D:\Users\lpriya\.m2\repository\org\slf4j\jul-to-slf4j\1.7.30\jul-to-slf4j-1.7.30.jar;D:\Users\lpriya\.m2\repository\jakarta\annotation\jakarta.annotation-api\1.3.5\jakarta.annotation-api-1.3.5.jar;D:\Users\lpriya\.m2\repository\org\springframework\spring-core\5.2.7.RELEASE\spring-core-5.2.7.RELEASE.jar;D:\Users\lpriya\.m2\repository\org\springframework\spring-jcl\5.2.7.RELEASE\spring-jcl-5.2.7.RELEASE.jar;D:\Users\lpriya\.m2\repository\org\yaml\snakeyaml\1.26\snakeyaml-1.26.jar;D:\Users\lpriya\.m2\repository\org\springframework\boot\spring-boot-actuator-autoconfigure\2.3.1.RELEASE\spring-boot-actuator-autoconfigure-2.3.1.RELEASE.jar;D:\Users\lpriya\.m2\repository\org\springframework\boot\spring-boot-actuator\2.3.1.RELEASE\spring-boot-actuator-2.3.1.RELEASE.jar;D:\Users\lpriya\.m2\repository\com\fasterxml\jackson\datatype\jackson-datatype-jsr310\2.11.0\jackson-
Launcher Type: SUN_STANDARD

[Global flags]
     intx CICompilerCount                          = 4                                         {product} {ergonomic}
     uint ConcGCThreads                            = 2                                         {product} {ergonomic}
     uint G1ConcRefinementThreads                  = 8                                         {product} {ergonomic}
   size_t G1HeapRegionSize                         = 1048576                                   {product} {ergonomic}
    uintx GCDrainStackTargetSize                   = 64                                        {product} {ergonomic}
   size_t InitialHeapSize                          = 266338304                                 {product} {ergonomic}
   size_t MarkStackSize                            = 4194304                                   {product} {ergonomic}
   size_t MaxHeapSize                              = 4238344192                                {product} {ergonomic}
   size_t MinHeapDeltaBytes                        = 1048576                                   {product} {ergonomic}
   size_t MinHeapSize                              = 8388608                                   {product} {ergonomic}
    uintx NonNMethodCodeHeapSize                   = 5836300                                {pd product} {ergonomic}
    uintx NonProfiledCodeHeapSize                  = 122910970                              {pd product} {ergonomic}
    uintx ProfiledCodeHeapSize                     = 122910970                              {pd product} {ergonomic}
    uintx ReservedCodeCacheSize                    = 251658240                              {pd product} {ergonomic}
     bool SegmentedCodeCache                       = true                                      {product} {ergonomic}
   size_t SoftMaxHeapSize                          = 4238344192                             {manageable} {ergonomic}
     bool UseCompressedClassPointers               = true                                 {lp64_product} {ergonomic}
     bool UseCompressedOops                        = true                                 {lp64_product} {ergonomic}
     bool UseG1GC                                  = true                                      {product} {ergonomic}
     bool UseLargePagesIndividualAllocation        = false                                  {pd product} {ergonomic}

Logging:
Log output configuration:
 #0: stdout all=warning uptime,level,tags
 #1: stderr all=off uptime,level,tags

Environment Variables:
JAVA_HOME=C:\Program Files\Java\jdk-13
PATH=C:\Windows\system32;C:\Windows;C:\Windows\System32\Wbem;C:\Windows\System32\WindowsPowerShell\v1.0\;C:\Windows\System32\OpenSSH\;C:\Program Files\Intel\WiFi\bin\;C:\Program Files\Common Files\Intel\WirelessCommon\;C:\Program Files\PuTTY\;C:\Program Files\Java\jdk-13\bin\;D:\Users\lpriya\AppData\Local\Programs\Python\Python39\Scripts\;D:\Users\lpriya\AppData\Local\Programs\Python\Python39\;D:\Users\lpriya\AppData\Local\Microsoft\WindowsApps;D:\Users\lpriya\AppData\Local\Programs\Git\cmd
USERNAME=lpriya
OS=Windows_NT
PROCESSOR_IDENTIFIER=Intel64 Family 6 Model 142 Stepping 11, GenuineIntel



---------------  S Y S T E M  ---------------

OS: Windows 10 , 64 bit Build 18362 (10.0.18362.1110)

CPU:total 8 (initial active 8) (4 cores per cpu, 2 threads per core) family 6 model 142 stepping 11, cmov, cx8, fxsr, mmx, sse, sse2, sse3, ssse3, sse4.1, sse4.2, popcnt, avx, avx2, aes, clmul, erms, 3dnowpref, lzcnt, ht, tsc, tscinvbit, bmi1, bmi2, adx, fma

Memory: 4k page, system-wide physical 16163M (1975M free)
TotalPageFile size 16163M (AvailPageFile size 22M)
current process WorkingSet (physical memory assigned to process): 17M, peak: 17M
current process commit charge ("private bytes"): 68M, peak: 322M

vm_info: OpenJDK 64-Bit Server VM (13+33) for windows-amd64 JRE (13+33), built on Aug  9 2019 11:21:18 by "mach5one" with unknown MS VC++:1916

END.
